<?xml version="1.0" encoding="UTF-8"?>
<testng-results skipped="0" failed="0" ignored="0" total="1" passed="1">
  <reporter-output>
  </reporter-output>
  <suite name="Default Suite" duration-ms="21918" started-at="2020-11-09T11:12:08Z" finished-at="2020-11-09T11:12:30Z">
    <groups>
    </groups>
    <test name="AppiumProject2" duration-ms="21918" started-at="2020-11-09T11:12:08Z" finished-at="2020-11-09T11:12:30Z">
      <class name="eCommerce.ecommerce_tc_2_3">
        <test-method status="PASS" signature="validateOrdeinCheckoutPage()[pri:0, instance:eCommerce.ecommerce_tc_1@edf4efb]" name="validateOrdeinCheckoutPage" duration-ms="21895" started-at="2020-11-09T11:12:08Z" finished-at="2020-11-09T11:12:30Z">
          <reporter-output>
          </reporter-output>
        </test-method> <!-- validateOrdeinCheckoutPage -->
      </class> <!-- eCommerce.ecommerce_tc_2_3 -->
    </test> <!-- AppiumProject2 -->
  </suite> <!-- Default Suite -->
</testng-results>
